\BOOKMARK [1][-]{section.1}{\376\377\145\160\133\146}{}% 1
\BOOKMARK [2][-]{subsection.1.1}{\376\377\175\040\145\160}{section.1}% 2
\BOOKMARK [3][-]{subsubsection.1.1.1}{\376\377\125\057\116\000\122\006\211\343\133\232\164\006}{subsection.1.1}% 3
\BOOKMARK [3][-]{subsubsection.1.1.2}{\376\377\000p\000o\000l\000l\000a\000r\000d\000-\000r\000h\000o\000\050\131\047\175\040\145\160\215\050\126\340\145\160\122\006\211\343\131\047\116\216\0001\000e\0001\0008\000\051}{subsection.1.1}% 4
\BOOKMARK [3][-]{subsubsection.1.1.3}{\376\377\175\040\145\160\155\113\213\325}{subsection.1.1}% 5
\BOOKMARK [2][-]{subsection.1.2}{\376\377\176\277\140\047\173\133}{section.1}% 6
\BOOKMARK [3][-]{subsubsection.1.2.1}{\376\377\173\133\175\040\145\160}{subsection.1.2}% 7
\BOOKMARK [3][-]{subsubsection.1.2.2}{\376\377\173\133\176\246\145\160\116\052\145\160}{subsection.1.2}% 8
\BOOKMARK [3][-]{subsubsection.1.2.3}{\376\377\173\133\176\246\145\160\124\214}{subsection.1.2}% 9
\BOOKMARK [2][-]{subsection.1.3}{\376\377\000G\000C\000D\123\312\121\166\142\151\134\125}{section.1}% 10
\BOOKMARK [3][-]{subsubsection.1.3.1}{\376\377\153\047\121\340\221\314\137\227}{subsection.1.3}% 11
\BOOKMARK [3][-]{subsubsection.1.3.2}{\376\377\146\364\166\370\121\317\143\137}{subsection.1.3}% 12
\BOOKMARK [3][-]{subsubsection.1.3.3}{\376\377\142\151\134\125\153\047\121\340\221\314\137\227}{subsection.1.3}% 13
\BOOKMARK [3][-]{subsubsection.1.3.4}{\376\377\000S\000t\000e\000i\000n\173\227\154\325\377\010\224\210\133\371\133\130\127\050\131\047\175\040\145\160\377\011}{subsection.1.3}% 14
\BOOKMARK [2][-]{subsection.1.4}{\376\377\153\047\142\311\121\375\145\160}{section.1}% 15
\BOOKMARK [3][-]{subsubsection.1.4.1}{\376\377\153\047\142\311\121\375\145\160\377\010\173\133\154\325\377\011}{subsection.1.4}% 16
\BOOKMARK [3][-]{subsubsection.1.4.2}{\376\377\153\047\142\311\121\375\145\160\377\010\166\364\143\245\154\102\377\011}{subsection.1.4}% 17
\BOOKMARK [2][-]{subsection.1.5}{\376\377\124\014\117\131}{section.1}% 18
\BOOKMARK [3][-]{subsubsection.1.5.1}{BSGS}{subsection.1.5}% 19
\BOOKMARK [3][-]{subsubsection.1.5.2}{CRT}{subsection.1.5}% 20
\BOOKMARK [3][-]{subsubsection.1.5.3}{\376\377\000e\000x\000C\000R\000T\000\050\142\151\134\125\116\055\126\375\122\151\117\131\133\232\164\006\000\051}{subsection.1.5}% 21
\BOOKMARK [3][-]{subsubsection.1.5.4}{\376\377\000e\000x\000c\000r\000t\000\040\000\050\000p\000y\000t\000h\000o\000n\162\110\147\054\000\051}{subsection.1.5}% 22
\BOOKMARK [3][-]{subsubsection.1.5.5}{\376\377\116\214\153\041\122\151\117\131}{subsection.1.5}% 23
\BOOKMARK [2][-]{subsection.1.6}{\376\377\203\253\153\324\116\114\145\257\123\315\157\024}{section.1}% 24
\BOOKMARK [3][-]{subsubsection.1.6.1}{\376\377\145\160\213\272\122\006\127\127}{subsection.1.6}% 25
\BOOKMARK [3][-]{subsubsection.1.6.2}{\376\377\203\253\153\324\116\114\145\257\123\315\157\024}{subsection.1.6}% 26
\BOOKMARK [2][-]{subsection.1.7}{\376\377\131\032\230\171\137\017}{section.1}% 27
\BOOKMARK [3][-]{subsubsection.1.7.1}{FFT}{subsection.1.7}% 28
\BOOKMARK [3][-]{subsubsection.1.7.2}{\376\377\142\311\150\074\147\027\145\345\143\322\120\074\154\325}{subsection.1.7}% 29
\BOOKMARK [3][-]{subsubsection.1.7.3}{\376\377\000B\000M\176\277\140\047\220\022\143\250}{subsection.1.7}% 30
\BOOKMARK [2][-]{subsection.1.8}{\376\377\176\277\140\047\116\343\145\160}{section.1}% 31
\BOOKMARK [3][-]{subsubsection.1.8.1}{\376\377\176\277\140\047\127\372}{subsection.1.8}% 32
\BOOKMARK [3][-]{subsubsection.1.8.2}{\376\377\232\330\145\257\155\210\121\103}{subsection.1.8}% 33
\BOOKMARK [2][-]{subsection.1.9}{\376\377\213\241\173\227\121\340\117\125}{section.1}% 34
\BOOKMARK [3][-]{subsubsection.1.9.1}{\376\377\121\370\123\005\227\142\171\357}{subsection.1.9}% 35
\BOOKMARK [3][-]{subsubsection.1.9.2}{\376\377\147\000\217\321\160\271\133\371\116\214\176\364\162\110\147\054}{subsection.1.9}% 36
\BOOKMARK [3][-]{subsubsection.1.9.3}{\376\377\147\000\217\321\160\271\133\371\116\011\176\364\162\110\147\054}{subsection.1.9}% 37
\BOOKMARK [2][-]{subsection.1.10}{\376\377\123\132\137\010\213\272}{section.1}% 38
\BOOKMARK [3][-]{subsubsection.1.10.1}{\376\377\000T\0001\000\050\117\040\176\337\000s\000g\121\375\145\160\220\022\143\250\000\051}{subsection.1.10}% 39
\BOOKMARK [3][-]{subsubsection.1.10.2}{\376\377\000T\0002\000\050\122\051\165\050\000s\000g\121\375\145\160\127\050\150\021\116\012\154\102\000m\000e\000x\167\345\220\123\173\124\150\110\000\051}{subsection.1.10}% 40
\BOOKMARK [3][-]{subsubsection.1.10.3}{\376\377\000T\0003\000\050\122\051\165\050\000s\000g\121\375\145\160\122\006\147\220\230\230\166\356\140\047\215\050\154\102\121\372\173\124\150\110\000\051}{subsection.1.10}% 41
\BOOKMARK [2][-]{subsection.1.11}{\376\377\121\166\133\203}{section.1}% 42
\BOOKMARK [3][-]{subsubsection.1.11.1}{\376\377\232\330\174\276\136\246}{subsection.1.11}% 43
\BOOKMARK [1][-]{section.2}{\376\377\145\160\143\156\176\323\147\204}{}% 44
\BOOKMARK [2][-]{subsection.2.1}{\376\377\224\376\210\150}{section.2}% 45
\BOOKMARK [2][-]{subsection.2.2}{\376\377\136\166\147\345\226\306}{section.2}% 46
\BOOKMARK [2][-]{subsection.2.3}{\376\377\150\021\162\266\145\160\176\304}{section.2}% 47
\BOOKMARK [2][-]{subsection.2.4}{\376\377\176\277\153\265\150\021}{section.2}% 48
\BOOKMARK [2][-]{subsection.2.5}{\376\377\116\073\136\055\150\021}{section.2}% 49
\BOOKMARK [2][-]{subsection.2.6}{segment\040tree\040beats!}{section.2}% 50
\BOOKMARK [3][-]{subsubsection.2.6.1}{\376\377\123\072\225\364\123\326\147\000\134\017\120\074}{subsection.2.6}% 51
\BOOKMARK [3][-]{subsubsection.2.6.2}{\376\377\123\072\225\364\123\326\000m\000a\000x\123\326\000m\000i\000n}{subsection.2.6}% 52
\BOOKMARK [3][-]{subsubsection.2.6.3}{\376\377\123\072\225\364\123\206\123\362\147\000\120\074}{subsection.2.6}% 53
\BOOKMARK [2][-]{subsection.2.7}{\376\377\147\103\120\074\000s\000p\000l\000a\000y}{section.2}% 54
\BOOKMARK [2][-]{subsection.2.8}{\376\377\000S\000T\210\150\377\010\000R\000M\000Q\377\011}{section.2}% 55
\BOOKMARK [2][-]{subsection.2.9}{bitset}{section.2}% 56
\BOOKMARK [2][-]{subsection.2.10}{hash_map}{section.2}% 57
\BOOKMARK [2][-]{subsection.2.11}{\376\377\123\125\214\003\150\010}{section.2}% 58
\BOOKMARK [2][-]{subsection.2.12}{\376\377\123\125\214\003\226\037\122\027}{section.2}% 59
\BOOKMARK [2][-]{subsection.2.13}{\376\377\116\214\176\364\123\072\225\364\147\000\120\074}{section.2}% 60
\BOOKMARK [2][-]{subsection.2.14}{Treap}{section.2}% 61
\BOOKMARK [3][-]{subsubsection.2.14.1}{\376\377\147\103\120\074\000T\000e\000e\000a\000p}{subsection.2.14}% 62
\BOOKMARK [3][-]{subsubsection.2.14.2}{\376\377\123\072\225\364\177\373\217\154\000T\000r\000e\000a\000p}{subsection.2.14}% 63
\BOOKMARK [3][-]{subsubsection.2.14.3}{\376\377\176\277\153\265\150\021\131\127\000T\000r\000e\000a\000p}{subsection.2.14}% 64
\BOOKMARK [2][-]{subsection.2.15}{\376\377\000G\000S\000S\000\050\147\000\131\047\217\336\176\355\133\120\153\265\124\214\000\051}{section.2}% 65
\BOOKMARK [3][-]{subsubsection.2.15.1}{GSS1}{subsection.2.15}% 66
\BOOKMARK [3][-]{subsubsection.2.15.2}{GSS2}{subsection.2.15}% 67
\BOOKMARK [3][-]{subsubsection.2.15.3}{GSS3}{subsection.2.15}% 68
\BOOKMARK [3][-]{subsubsection.2.15.4}{GSS4}{subsection.2.15}% 69
\BOOKMARK [3][-]{subsubsection.2.15.5}{GSS5}{subsection.2.15}% 70
\BOOKMARK [1][-]{section.3}{\376\377\126\376\213\272}{}% 71
\BOOKMARK [2][-]{subsection.3.1}{\376\377\147\000\167\355\215\357}{section.3}% 72
\BOOKMARK [3][-]{subsubsection.3.1.1}{Dijkstra}{subsection.3.1}% 73
\BOOKMARK [3][-]{subsubsection.3.1.2}{spfa}{subsection.3.1}% 74
\BOOKMARK [3][-]{subsubsection.3.1.3}{\376\377\000k\167\355\215\357}{subsection.3.1}% 75
\BOOKMARK [2][-]{subsection.3.2}{\376\377\150\021\116\012\225\356\230\230}{section.3}% 76
\BOOKMARK [3][-]{subsubsection.3.2.1}{\376\377\120\015\130\236\154\102\000L\000C\000A}{subsection.3.2}% 77
\BOOKMARK [3][-]{subsubsection.3.2.2}{\376\377\150\021\166\204\221\315\137\303}{subsection.3.2}% 78
\BOOKMARK [3][-]{subsubsection.3.2.3}{\376\377\150\021\224\376\122\126\122\006}{subsection.3.2}% 79
\BOOKMARK [3][-]{subsubsection.3.2.4}{\376\377\160\271\122\006\154\273}{subsection.3.2}% 80
\BOOKMARK [3][-]{subsubsection.3.2.5}{\376\377\150\021\116\012\124\057\123\321\137\017\124\010\136\166}{subsection.3.2}% 81
\BOOKMARK [2][-]{subsection.3.3}{\376\377\126\376\116\012\225\356\230\230}{section.3}% 82
\BOOKMARK [3][-]{subsubsection.3.3.1}{\376\377\167\351\226\065\150\021\133\232\164\006}{subsection.3.3}% 83
\BOOKMARK [3][-]{subsubsection.3.3.2}{\376\377\147\000\134\017\165\037\142\020\150\021\000\050\000K\000r\000u\000s\000k\000a\000l\000\051}{subsection.3.3}% 84
\BOOKMARK [3][-]{subsubsection.3.3.3}{\376\377\116\214\122\006\126\376\147\000\131\047\123\071\221\115\000\050\123\010\162\131\122\051\173\227\154\325\000\051}{subsection.3.3}% 85
\BOOKMARK [3][-]{subsubsection.3.3.4}{\376\377\147\000\134\017\137\002\142\026\165\037\142\020\150\021}{subsection.3.3}% 86
\BOOKMARK [2][-]{subsection.3.4}{tarjan}{section.3}% 87
\BOOKMARK [3][-]{subsubsection.3.4.1}{\376\377\154\102\137\072\217\336\220\032\122\006\221\317}{subsection.3.4}% 88
\BOOKMARK [3][-]{subsubsection.3.4.2}{\376\377\154\102\122\162\160\271}{subsection.3.4}% 89
\BOOKMARK [3][-]{subsubsection.3.4.3}{\376\377\154\102\150\145}{subsection.3.4}% 90
\BOOKMARK [2][-]{subsection.3.5}{\376\377\177\121\176\334\155\101}{section.3}% 91
\BOOKMARK [3][-]{subsubsection.3.5.1}{Dinic}{subsection.3.5}% 92
\BOOKMARK [3][-]{subsubsection.3.5.2}{ISAP}{subsection.3.5}% 93
\BOOKMARK [3][-]{subsubsection.3.5.3}{\376\377\147\000\134\017\215\071\165\050\147\000\131\047\155\101}{subsection.3.5}% 94
\BOOKMARK [3][-]{subsubsection.3.5.4}{\376\377\147\000\134\017\122\162}{subsection.3.5}% 95
\BOOKMARK [1][-]{section.4}{\376\377\133\127\173\046\116\062}{}% 96
\BOOKMARK [2][-]{subsection.4.1}{\376\377\133\127\173\046\116\062\000h\000a\000s\000h}{section.4}% 97
\BOOKMARK [2][-]{subsection.4.2}{KMP}{section.4}% 98
\BOOKMARK [2][-]{subsection.4.3}{\376\377\000t\000i\000r\000e\150\021}{section.4}% 99
\BOOKMARK [2][-]{subsection.4.4}{\376\377\000A\000C\201\352\122\250\147\072}{section.4}% 100
\BOOKMARK [2][-]{subsection.4.5}{\376\377\124\016\177\000\145\160\176\304}{section.4}% 101
\BOOKMARK [1][-]{section.5}{\376\377\122\250\140\001\211\304\122\022}{}% 102
\BOOKMARK [2][-]{subsection.5.1}{\376\377\200\314\123\005\225\356\230\230}{section.5}% 103
\BOOKMARK [2][-]{subsection.5.2}{\376\377\145\160\117\115\000d\000p}{section.5}% 104
\BOOKMARK [3][-]{subsubsection.5.2.1}{\376\377\145\160\117\115\000d\000p\152\041\147\177}{subsection.5.2}% 105
\BOOKMARK [3][-]{subsubsection.5.2.2}{\376\377\145\160\117\115\000d\000p\117\213\230\230}{subsection.5.2}% 106
\BOOKMARK [2][-]{subsection.5.3}{\376\377\150\021\137\142\000d\000p}{section.5}% 107
\BOOKMARK [3][-]{subsubsection.5.3.1}{\376\377\117\213\230\230\0001\000\050\143\142\150\071\000\051}{subsection.5.3}% 108
\BOOKMARK [3][-]{subsubsection.5.3.2}{\376\377\117\213\230\230\0002\000\050\143\142\150\071\000\051}{subsection.5.3}% 109
\BOOKMARK [3][-]{subsubsection.5.3.3}{\376\377\117\213\230\230\0003\000\050\150\021\116\012\200\314\123\005\127\213\000d\000p\000\051}{subsection.5.3}% 110
\BOOKMARK [3][-]{subsubsection.5.3.4}{\376\377\117\213\230\230\0004\000\050\150\021\116\012\200\314\123\005\127\213\000d\000p\000\051}{subsection.5.3}% 111
\BOOKMARK [3][-]{subsubsection.5.3.5}{\376\377\117\213\230\230\0005\000\050\176\364\142\244\150\021\224\376\000\051}{subsection.5.3}% 112
\BOOKMARK [3][-]{subsubsection.5.3.6}{\376\377\117\213\230\230\0006\000\050\176\364\142\244\150\021\224\376\000\051}{subsection.5.3}% 113
\BOOKMARK [3][-]{subsubsection.5.3.7}{\376\377\117\213\230\230\0007\000\050\174\173\117\074\116\216\143\142\150\071\000\051}{subsection.5.3}% 114
\BOOKMARK [3][-]{subsubsection.5.3.8}{\376\377\117\213\230\230\0008\000\050\176\364\142\244\150\021\224\376\000\051}{subsection.5.3}% 115
\BOOKMARK [3][-]{subsubsection.5.3.9}{\376\377\117\213\230\230\0009\000\050\176\364\142\244\150\021\224\376\000\051}{subsection.5.3}% 116
\BOOKMARK [1][-]{section.6}{\376\377\147\102\230\171}{}% 117
\BOOKMARK [2][-]{subsection.6.1}{\376\377\171\273\145\143\123\026}{section.6}% 118
\BOOKMARK [2][-]{subsection.6.2}{\376\377\137\122\136\166\143\222\136\217}{section.6}% 119
\BOOKMARK [2][-]{subsection.6.3}{struct}{section.6}% 120
\BOOKMARK [2][-]{subsection.6.4}{\376\377\0000\000/\0001\122\006\145\160\211\304\122\022}{section.6}% 121
\BOOKMARK [2][-]{subsection.6.5}{\376\377\203\253\226\037\000\050\134\017\000z\166\204\210\234\133\120\000\051}{section.6}% 122
\BOOKMARK [2][-]{subsection.6.6}{\376\377\134\072\123\326\154\325}{section.6}% 123
\BOOKMARK [2][-]{subsection.6.7}{\376\377\154\102\147\000\131\047\133\120\167\351\226\065}{section.6}% 124
\BOOKMARK [3][-]{subsubsection.6.7.1}{\376\377\140\254\176\277\154\325}{subsection.6.7}% 125
\BOOKMARK [3][-]{subsubsection.6.7.2}{\376\377\123\125\214\003\226\037\122\027}{subsection.6.7}% 126
\BOOKMARK [3][-]{subsubsection.6.7.3}{\376\377\163\213\167\345\146\006\213\272\145\207\120\132\154\325}{subsection.6.7}% 127
\BOOKMARK [2][-]{subsection.6.8}{\376\377\145\164\117\123\116\214\122\006}{section.6}% 128
\BOOKMARK [1][-]{section.7}{\376\377\226\104\137\125}{}% 129
\BOOKMARK [2][-]{subsection.7.1}{STL}{section.7}% 130
\BOOKMARK [3][-]{subsubsection.7.1.1}{vector}{subsection.7.1}% 131
\BOOKMARK [3][-]{subsubsection.7.1.2}{deque}{subsection.7.1}% 132
\BOOKMARK [3][-]{subsubsection.7.1.3}{list}{subsection.7.1}% 133
\BOOKMARK [3][-]{subsubsection.7.1.4}{\(multi\)set}{subsection.7.1}% 134
\BOOKMARK [3][-]{subsubsection.7.1.5}{map}{subsection.7.1}% 135
\BOOKMARK [3][-]{subsubsection.7.1.6}{unordered_set}{subsection.7.1}% 136
\BOOKMARK [3][-]{subsubsection.7.1.7}{unordered_map}{subsection.7.1}% 137
\BOOKMARK [3][-]{subsubsection.7.1.8}{stack}{subsection.7.1}% 138
\BOOKMARK [3][-]{subsubsection.7.1.9}{queue}{subsection.7.1}% 139
\BOOKMARK [3][-]{subsubsection.7.1.10}{priority_queue}{subsection.7.1}% 140
\BOOKMARK [3][-]{subsubsection.7.1.11}{bitset}{subsection.7.1}% 141
\BOOKMARK [3][-]{subsubsection.7.1.12}{string}{subsection.7.1}% 142
\BOOKMARK [3][-]{subsubsection.7.1.13}{\376\377\116\214\122\006\147\345\142\176}{subsection.7.1}% 143
